[Assets] Product: Espresso -> ImageUrl: avares://KeimheanCafePOS.Desktop/Assets/icons/photo/Espresso.svg
[Assets] Product: Cappuccino -> ImageUrl: avares://KeimheanCafePOS.Desktop/Assets/icons/photo/Cappuccino.svg
[Assets] Product: Latte -> ImageUrl: avares://KeimheanCafePOS.Desktop/Assets/icons/photo/Latte.svg
[Assets] Product: Americano -> ImageUrl: avares://KeimheanCafePOS.Desktop/Assets/icons/photo/Americano.svg
[Assets] Product: Mocha -> ImageUrl: avares://KeimheanCafePOS.Desktop/Assets/icons/photo/Mocha.svg
[Assets] Product: Iced Latte -> ImageUrl: avares://KeimheanCafePOS.Desktop/Assets/icons/photo/IcedLatte.svg
[Assets] Product: Iced Mocha -> ImageUrl: avares://KeimheanCafePOS.Desktop/Assets/icons/photo/IcedMocha.svg
[Assets] Product: Iced Americano -> ImageUrl: avares://KeimheanCafePOS.Desktop/Assets/icons/photo/IcedAmericano.svg
[Assets] Product: Iced Caramel Macchiato -> ImageUrl: avares://KeimheanCafePOS.Desktop/Assets/icons/photo/IcedCaramelMacchiato.svg
[Assets] Product: Cold Brew -> ImageUrl: avares://KeimheanCafePOS.Desktop/Assets/icons/photo/ColdBrew.svg
[Assets] Product: Green Tea -> ImageUrl: avares://KeimheanCafePOS.Desktop/Assets/icons/photo/GreenTea.svg
[Assets] Product: Chai Latte -> ImageUrl: avares://KeimheanCafePOS.Desktop/Assets/icons/photo/ChaiLatte.svg
[Assets] Product: Matcha Latte -> ImageUrl: avares://KeimheanCafePOS.Desktop/Assets/icons/photo/MatchaLatte.svg
[Assets] Product: Croissant -> ImageUrl: avares://KeimheanCafePOS.Desktop/Assets/icons/photo/Croissant.svg
[Assets] Product: Blueberry Muffin -> ImageUrl: avares://KeimheanCafePOS.Desktop/Assets/icons/photo/BlueberryMuffin.svg
[Assets] Product: Chocolate Cake -> ImageUrl: avares://KeimheanCafePOS.Desktop/Assets/icons/photo/ChocolateCake.svg
[Assets] Product: Cheesecake -> ImageUrl: avares://KeimheanCafePOS.Desktop/Assets/icons/photo/Cheesecake.svg
[Assets] Product: Chocolate Chip Cookie -> ImageUrl: avares://KeimheanCafePOS.Desktop/Assets/icons/photo/ChocolateChipCookie.svg
[Assets] Product: Brownie -> ImageUrl: avares://KeimheanCafePOS.Desktop/Assets/icons/photo/Brownie.svg
[Assets] Product: Macarons -> ImageUrl: avares://KeimheanCafePOS.Desktop/Assets/icons/photo/Macarons.svg
[Assets] Product: Espresso -> ImageUrl: avares://KeimheanCafePOS.Desktop/Assets/icons/photo/Espresso.jpeg
[Assets] Product: Cappuccino -> ImageUrl: avares://KeimheanCafePOS.Desktop/Assets/icons/photo/Cappuccino.svg
[Assets] Product: Latte -> ImageUrl: avares://KeimheanCafePOS.Desktop/Assets/icons/photo/Latte.svg
[Assets] Product: Americano -> ImageUrl: avares://KeimheanCafePOS.Desktop/Assets/icons/photo/Americano.svg
[Assets] Product: Mocha -> ImageUrl: avares://KeimheanCafePOS.Desktop/Assets/icons/photo/Mocha.svg
[Assets] Product: Iced Latte -> ImageUrl: avares://KeimheanCafePOS.Desktop/Assets/icons/photo/IcedLatte.svg
[Assets] Product: Iced Mocha -> ImageUrl: avares://KeimheanCafePOS.Desktop/Assets/icons/photo/IcedMocha.svg
[Assets] Product: Iced Americano -> ImageUrl: avares://KeimheanCafePOS.Desktop/Assets/icons/photo/IcedAmericano.svg
[Assets] Product: Iced Caramel Macchiato -> ImageUrl: avares://KeimheanCafePOS.Desktop/Assets/icons/photo/IcedCaramelMacchiato.svg
[Assets] Product: Cold Brew -> ImageUrl: avares://KeimheanCafePOS.Desktop/Assets/icons/photo/ColdBrew.svg
[Assets] Product: Green Tea -> ImageUrl: avares://KeimheanCafePOS.Desktop/Assets/icons/photo/GreenTea.svg
[Assets] Product: Chai Latte -> ImageUrl: avares://KeimheanCafePOS.Desktop/Assets/icons/photo/ChaiLatte.svg
[Assets] Product: Matcha Latte -> ImageUrl: avares://KeimheanCafePOS.Desktop/Assets/icons/photo/MatchaLatte.svg
[Assets] Product: Croissant -> ImageUrl: avares://KeimheanCafePOS.Desktop/Assets/icons/photo/Croissant.svg
[Assets] Product: Blueberry Muffin -> ImageUrl: avares://KeimheanCafePOS.Desktop/Assets/icons/photo/BlueberryMuffin.svg
[Assets] Product: Chocolate Cake -> ImageUrl: avares://KeimheanCafePOS.Desktop/Assets/icons/photo/ChocolateCake.svg
[Assets] Product: Cheesecake -> ImageUrl: avares://KeimheanCafePOS.Desktop/Assets/icons/photo/Cheesecake.svg
[Assets] Product: Chocolate Chip Cookie -> ImageUrl: avares://KeimheanCafePOS.Desktop/Assets/icons/photo/ChocolateChipCookie.svg
[Assets] Product: Brownie -> ImageUrl: avares://KeimheanCafePOS.Desktop/Assets/icons/photo/Brownie.svg
[Assets] Product: Macarons -> ImageUrl: avares://KeimheanCafePOS.Desktop/Assets/icons/photo/Macarons.svg
[Assets] Product: Espresso -> ImageUrl: avares://KeimheanCafePOS.Desktop/Assets/icons/photo/Espresso.jpeg
[Assets] Product: Cappuccino -> ImageUrl: avares://KeimheanCafePOS.Desktop/Assets/icons/photo/Cappuccino.svg
[Assets] Product: Latte -> ImageUrl: avares://KeimheanCafePOS.Desktop/Assets/icons/photo/Latte.svg
[Assets] Product: Americano -> ImageUrl: avares://KeimheanCafePOS.Desktop/Assets/icons/photo/Americano.svg
[Assets] Product: Mocha -> ImageUrl: avares://KeimheanCafePOS.Desktop/Assets/icons/photo/Mocha.svg
[Assets] Product: Iced Latte -> ImageUrl: avares://KeimheanCafePOS.Desktop/Assets/icons/photo/IcedLatte.svg
[Assets] Product: Iced Mocha -> ImageUrl: avares://KeimheanCafePOS.Desktop/Assets/icons/photo/IcedMocha.svg
[Assets] Product: Iced Americano -> ImageUrl: avares://KeimheanCafePOS.Desktop/Assets/icons/photo/IcedAmericano.svg
[Assets] Product: Iced Caramel Macchiato -> ImageUrl: avares://KeimheanCafePOS.Desktop/Assets/icons/photo/IcedCaramelMacchiato.svg
[Assets] Product: Cold Brew -> ImageUrl: avares://KeimheanCafePOS.Desktop/Assets/icons/photo/ColdBrew.svg
[Assets] Product: Green Tea -> ImageUrl: avares://KeimheanCafePOS.Desktop/Assets/icons/photo/GreenTea.svg
[Assets] Product: Chai Latte -> ImageUrl: avares://KeimheanCafePOS.Desktop/Assets/icons/photo/ChaiLatte.svg
[Assets] Product: Matcha Latte -> ImageUrl: avares://KeimheanCafePOS.Desktop/Assets/icons/photo/MatchaLatte.svg
[Assets] Product: Croissant -> ImageUrl: avares://KeimheanCafePOS.Desktop/Assets/icons/photo/Croissant.svg
[Assets] Product: Blueberry Muffin -> ImageUrl: avares://KeimheanCafePOS.Desktop/Assets/icons/photo/BlueberryMuffin.svg
[Assets] Product: Chocolate Cake -> ImageUrl: avares://KeimheanCafePOS.Desktop/Assets/icons/photo/ChocolateCake.svg
[Assets] Product: Cheesecake -> ImageUrl: avares://KeimheanCafePOS.Desktop/Assets/icons/photo/Cheesecake.svg
[Assets] Product: Chocolate Chip Cookie -> ImageUrl: avares://KeimheanCafePOS.Desktop/Assets/icons/photo/ChocolateChipCookie.svg
[Assets] Product: Brownie -> ImageUrl: avares://KeimheanCafePOS.Desktop/Assets/icons/photo/Brownie.svg
[Assets] Product: Macarons -> ImageUrl: avares://KeimheanCafePOS.Desktop/Assets/icons/photo/Macarons.svg
[Assets] Product: Espresso -> ImageUrl: avares://KeimheanCafePOS.Desktop/Assets/icons/photo/Espresso.jpeg
[Assets] Product: Cappuccino -> ImageUrl: avares://KeimheanCafePOS.Desktop/Assets/icons/photo/Cappuccino.svg
[Assets] Product: Latte -> ImageUrl: avares://KeimheanCafePOS.Desktop/Assets/icons/photo/Latte.svg
[Assets] Product: Americano -> ImageUrl: avares://KeimheanCafePOS.Desktop/Assets/icons/photo/Americano.svg
[Assets] Product: Mocha -> ImageUrl: avares://KeimheanCafePOS.Desktop/Assets/icons/photo/Mocha.svg
[Assets] Product: Iced Latte -> ImageUrl: avares://KeimheanCafePOS.Desktop/Assets/icons/photo/IcedLatte.svg
[Assets] Product: Iced Mocha -> ImageUrl: avares://KeimheanCafePOS.Desktop/Assets/icons/photo/IcedMocha.svg
[Assets] Product: Iced Americano -> ImageUrl: avares://KeimheanCafePOS.Desktop/Assets/icons/photo/IcedAmericano.svg
[Assets] Product: Iced Caramel Macchiato -> ImageUrl: avares://KeimheanCafePOS.Desktop/Assets/icons/photo/IcedCaramelMacchiato.svg
[Assets] Product: Cold Brew -> ImageUrl: avares://KeimheanCafePOS.Desktop/Assets/icons/photo/ColdBrew.svg
[Assets] Product: Green Tea -> ImageUrl: avares://KeimheanCafePOS.Desktop/Assets/icons/photo/GreenTea.svg
[Assets] Product: Chai Latte -> ImageUrl: avares://KeimheanCafePOS.Desktop/Assets/icons/photo/ChaiLatte.svg
[Assets] Product: Matcha Latte -> ImageUrl: avares://KeimheanCafePOS.Desktop/Assets/icons/photo/MatchaLatte.svg
[Assets] Product: Croissant -> ImageUrl: avares://KeimheanCafePOS.Desktop/Assets/icons/photo/Croissant.svg
[Assets] Product: Blueberry Muffin -> ImageUrl: avares://KeimheanCafePOS.Desktop/Assets/icons/photo/BlueberryMuffin.svg
[Assets] Product: Chocolate Cake -> ImageUrl: avares://KeimheanCafePOS.Desktop/Assets/icons/photo/ChocolateCake.svg
[Assets] Product: Cheesecake -> ImageUrl: avares://KeimheanCafePOS.Desktop/Assets/icons/photo/Cheesecake.svg
[Assets] Product: Chocolate Chip Cookie -> ImageUrl: avares://KeimheanCafePOS.Desktop/Assets/icons/photo/ChocolateChipCookie.svg
[Assets] Product: Brownie -> ImageUrl: avares://KeimheanCafePOS.Desktop/Assets/icons/photo/Brownie.svg
[Assets] Product: Macarons -> ImageUrl: avares://KeimheanCafePOS.Desktop/Assets/icons/photo/Macarons.svg
[Assets] Product: Espresso -> ImageUrl: avares://KeimheanCafePOS.Desktop/Assets/icons/photo/Espresso.jpeg
[Assets] Product: Cappuccino -> ImageUrl: avares://KeimheanCafePOS.Desktop/Assets/icons/photo/Cappuccino.svg
[Assets] Product: Latte -> ImageUrl: avares://KeimheanCafePOS.Desktop/Assets/icons/photo/Latte.svg
[Assets] Product: Americano -> ImageUrl: avares://KeimheanCafePOS.Desktop/Assets/icons/photo/Americano.svg
[Assets] Product: Mocha -> ImageUrl: avares://KeimheanCafePOS.Desktop/Assets/icons/photo/Mocha.svg
[Assets] Product: Iced Latte -> ImageUrl: avares://KeimheanCafePOS.Desktop/Assets/icons/photo/IcedLatte.svg
[Assets] Product: Iced Mocha -> ImageUrl: avares://KeimheanCafePOS.Desktop/Assets/icons/photo/IcedMocha.svg
[Assets] Product: Iced Americano -> ImageUrl: avares://KeimheanCafePOS.Desktop/Assets/icons/photo/IcedAmericano.svg
[Assets] Product: Iced Caramel Macchiato -> ImageUrl: avares://KeimheanCafePOS.Desktop/Assets/icons/photo/IcedCaramelMacchiato.svg
[Assets] Product: Cold Brew -> ImageUrl: avares://KeimheanCafePOS.Desktop/Assets/icons/photo/ColdBrew.svg
[Assets] Product: Green Tea -> ImageUrl: avares://KeimheanCafePOS.Desktop/Assets/icons/photo/GreenTea.svg
[Assets] Product: Chai Latte -> ImageUrl: avares://KeimheanCafePOS.Desktop/Assets/icons/photo/ChaiLatte.svg
[Assets] Product: Matcha Latte -> ImageUrl: avares://KeimheanCafePOS.Desktop/Assets/icons/photo/MatchaLatte.svg
[Assets] Product: Croissant -> ImageUrl: avares://KeimheanCafePOS.Desktop/Assets/icons/photo/Croissant.svg
[Assets] Product: Blueberry Muffin -> ImageUrl: avares://KeimheanCafePOS.Desktop/Assets/icons/photo/BlueberryMuffin.svg
[Assets] Product: Chocolate Cake -> ImageUrl: avares://KeimheanCafePOS.Desktop/Assets/icons/photo/ChocolateCake.svg
[Assets] Product: Cheesecake -> ImageUrl: avares://KeimheanCafePOS.Desktop/Assets/icons/photo/Cheesecake.svg
[Assets] Product: Chocolate Chip Cookie -> ImageUrl: avares://KeimheanCafePOS.Desktop/Assets/icons/photo/ChocolateChipCookie.svg
[Assets] Product: Brownie -> ImageUrl: avares://KeimheanCafePOS.Desktop/Assets/icons/photo/Brownie.svg
[Assets] Product: Macarons -> ImageUrl: avares://KeimheanCafePOS.Desktop/Assets/icons/photo/Macarons.svg
